#
# A fatal error has been detected by the Java Runtime Environment:
#
#  EXCEPTION_ACCESS_VIOLATION (0xc0000005) at pc=0x000002506e0a350f, pid=24452, tid=22304
#
# JRE version: OpenJDK Runtime Environment (20.0+36) (build 20+36-2344)
# Java VM: OpenJDK 64-Bit Server VM (20+36-2344, mixed mode, emulated-client, sharing, tiered, compressed oops, compressed class ptrs, g1 gc, windows-amd64)
# Problematic frame:
# v  ~BufferBlob::MethodHandles adapters 0x000002506e0a350f
#
# No core dump will be written. Minidumps are not enabled by default on client versions of Windows
#
# If you would like to submit a bug report, please visit:
#   https://bugreport.java.com/bugreport/crash.jsp
#

---------------  S U M M A R Y ------------

Command Line: -agentlib:jdwp=transport=dt_socket,address=127.0.0.1:53690,suspend=y,server=n -XX:TieredStopAtLevel=1 -Dspring.output.ansi.enabled=always -Dcom.sun.management.jmxremote -Dspring.jmx.enabled=true -Dspring.liveBeansView.mbeanDomain -Dspring.application.admin.enabled=true -Dmanagement.endpoints.jmx.exposure.include=* -javaagent:C:\Users\iwant\AppData\Local\JetBrains\IntelliJIdea2022.3\captureAgent\debugger-agent.jar -Dfile.encoding=UTF-8 -Dsun.stdout.encoding=UTF-8 -Dsun.stderr.encoding=UTF-8 ua.vozniuk.socialnetwork.SocialNetworkApplication

Host: AMD Ryzen 5 PRO 4400G with Radeon Graphics     , 12 cores, 15G,  Windows 11 , 64 bit Build 22621 (10.0.22621.1778)
Time: Sat Jul  1 01:27:20 2023 Central European Daylight Time elapsed time: 743.909180 seconds (0d 0h 12m 23s)

---------------  T H R E A D  ---------------

Current thread (0x00000250010f7050):  JavaThread "http-nio-8080-exec-6" daemon [_thread_in_Java, id=22304, stack(0x0000008c08600000,0x0000008c08700000)]

Stack: [0x0000008c08600000,0x0000008c08700000],  sp=0x0000008c0860c0f0,  free space=48k
Native frames: (J=compiled Java code, j=interpreted, Vv=VM code, C=native code)
C  0x000002506e0a350f


siginfo: EXCEPTION_ACCESS_VIOLATION (0xc0000005), reading address 0x0000000879ea5b50


Registers:
RAX=0xe33e301f00000000, RBX=0xe33e329fe15ea3d3, RCX=0x0000008c0860c100, RDX=0x0000000000000003
RSP=0x0000008c0860c0f0, RBP=0x0000008c0860c148, RSI=0x0000025000dcae48, RDI=0x000002507f7abdb0
R8 =0x0000000000000004, R9 =0x0000000000000004, R10=0x0000000879ea5ab0, R11=0x0000000800000000
R12=0x0000000000000000, R13=0x0000008c0860c0f0, R14=0x0000008c0860c178, R15=0x00000250010f7050
RIP=0x000002506e0a350f, EFLAGS=0x0000000000010212


Register to memory mapping:

RIP=0x000002506e0a350f is at begin+52 in a stub
MethodHandle::interpreter_entry::_linkToInterface [0x000002506e0a34db, 0x000002506e0a356a] (143 bytes)
RAX=0xe33e301f00000000 is an unknown value
RBX=0xe33e329fe15ea3d3 is an unknown value
RCX=0x0000008c0860c100 is pointing into the stack for thread: 0x00000250010f7050
RDX=0x0000000000000003 is an unknown value
RSP=0x0000008c0860c0f0 is pointing into the stack for thread: 0x00000250010f7050
RBP=0x0000008c0860c148 is pointing into the stack for thread: 0x00000250010f7050
RSI=0x0000025000dcae48 points into unknown readable memory: 0x80000800afe8ec1a | 1a ec e8 af 00 08 00 80
RDI=0x000002507f7abdb0 points into unknown readable memory: 0x0000002800000070 | 70 00 00 00 28 00 00 00
R8 =0x0000000000000004 is an unknown value
R9 =0x0000000000000004 is an unknown value
R10=0x0000000879ea5ab0 is an unknown value
R11=0x0000000800000000 is pointing into metadata
R12=0x0 is NULL
R13=0x0000008c0860c0f0 is pointing into the stack for thread: 0x00000250010f7050
R14=0x0000008c0860c178 is pointing into the stack for thread: 0x00000250010f7050
R15=0x00000250010f7050 is a thread


Top of Stack: (sp=0x0000008c0860c0f0)
0x0000008c0860c0f0:   000002506e06ebb6 000000070c035040
0x0000008c0860c100:   0000008c0860c100 0000025079ea5ab0
0x0000008c0860c110:   0000008c0860c178 0000025079ea5be0
0x0000008c0860c120:   0000008c0860c1e8 000000070b437be0
0x0000008c0860c130:   0000025079ea5ac0 0000008c0860c0f0
0x0000008c0860c140:   0000008c0860c180 0000008c0860c1e8
0x0000008c0860c150:   000002506e06ebb6 000000070c035040
0x0000008c0860c160:   0000000719f2a168 0000000719f19450
0x0000008c0860c170:   000000070c035040 0000000719f2a2b8
0x0000008c0860c180:   000002506e06ebb6 0000000719f19450
0x0000008c0860c190:   000000070c035040 0000000719f2a2b8
0x0000008c0860c1a0:   0000008c0860c1a0 000002507d48835b
0x0000008c0860c1b0:   0000008c0860c230 000002507d4884a0
0x0000008c0860c1c0:   0000000000000000 0000000719f2f2c0
0x0000008c0860c1d0:   000002507d488368 0000008c0860c188
0x0000008c0860c1e0:   0000008c0860c240 0000008c0860c500
0x0000008c0860c1f0:   000002506ea4526d 0000000719f2a2b8
0x0000008c0860c200:   000000070c035040 0000000719f2a480
0x0000008c0860c210:   0000000719f19450 0000000719f2a578
0x0000008c0860c220:   0000000719f19450 000000070c035040
0x0000008c0860c230:   0000000719f2a5c8 000002506ea43d94
0x0000008c0860c240:   0000000000000000 000000007cb0ab68
0x0000008c0860c250:   000000007d486c10 0000000000000001
0x0000008c0860c260:   00000250010f7050 0000000000000000
0x0000008c0860c270:   00010101ffffffff 0000000000000000
0x0000008c0860c280:   0000000000000000 000000007cb0ab68
0x0000008c0860c290:   000000007d486c10 0000000000000001
0x0000008c0860c2a0:   00000250010f7050 0000000000000000
0x0000008c0860c2b0:   00010101ffffffff 0000000000000000
0x0000008c0860c2c0:   0000000000000000 000000007cb0ab68
0x0000008c0860c2d0:   000000007d486c10 0000000000000001
0x0000008c0860c2e0:   00000250010f7050 0000000000000001 

Instructions: (pc=0x000002506e0a350f)
0x000002506e0a340f:   44 8b 51 08 49 bb 00 00 00 00 08 00 00 00 4d 03
0x000002506e0a341f:   d3 4c 8b 5b 10 4b 8b 9c da c0 01 00 00 48 85 db
0x000002506e0a342f:   0f 84 10 00 00 00 41 80 bf 08 05 00 00 00 74 03
0x000002506e0a343f:   ff 63 38 ff 63 50 e9 36 16 00 00 66 66 66 0f 1f
0x000002506e0a344f:   84 00 00 00 00 00 66 66 66 0f 1f 84 00 00 00 00
0x000002506e0a345f:   00 58 5b 50 8b 5b 24 48 c1 e3 03 48 8b 5b 10 48
0x000002506e0a346f:   85 db 0f 84 10 00 00 00 41 80 bf 08 05 00 00 00
0x000002506e0a347f:   74 03 ff 63 38 ff 63 50 e9 f4 15 00 00 66 66 0f
0x000002506e0a348f:   1f 84 00 00 00 00 00 66 66 0f 1f 84 00 00 00 00
0x000002506e0a349f:   00 48 8b 53 08 0f b7 52 2c 48 8b 0c d4 58 5b 50
0x000002506e0a34af:   48 3b 01 8b 5b 24 48 c1 e3 03 48 8b 5b 10 48 85
0x000002506e0a34bf:   db 0f 84 10 00 00 00 41 80 bf 08 05 00 00 00 74
0x000002506e0a34cf:   03 ff 63 38 ff 63 50 e9 a5 15 00 00 0f 1f 44 00
0x000002506e0a34df:   00 48 8b 53 08 0f b7 52 2c 48 8b 0c d4 58 5b 50
0x000002506e0a34ef:   44 8b 51 08 49 bb 00 00 00 00 08 00 00 00 4d 03
0x000002506e0a34ff:   d3 8b 43 18 48 c1 e0 03 48 8b 40 10 48 8b 5b 10
0x000002506e0a350f:   45 8b 9a a0 00 00 00 4f 8d 9c da c0 01 00 00 4d
0x000002506e0a351f:   8d 14 da 49 8b 1b 48 3b c3 74 15 48 85 db 0f 84
0x000002506e0a352f:   32 00 00 00 49 83 c3 10 49 8b 1b 48 3b c3 75 eb
0x000002506e0a353f:   45 8b 5b 08 4b 8b 1c 1a 48 85 db 0f 84 10 00 00
0x000002506e0a354f:   00 41 80 bf 08 05 00 00 00 74 03 ff 63 38 ff 63
0x000002506e0a355f:   50 e9 1b 15 00 00 e9 16 12 00 00 f4 00 00 00 00
0x000002506e0a356f:   00 00 00 00 00 00 00 00 00 00 00 00 00 00 00 00
0x000002506e0a357f:   00 00 00 00 00 00 00 00 00 00 00 00 00 00 00 00
0x000002506e0a358f:   00 00 00 00 00 00 00 00 00 00 00 00 00 00 00 00
0x000002506e0a359f:   00 00 00 00 00 00 00 00 00 00 00 00 00 00 00 00
0x000002506e0a35af:   00 00 00 00 00 00 00 00 00 00 00 00 00 00 00 00
0x000002506e0a35bf:   00 00 00 00 00 00 00 00 00 00 00 00 00 00 00 00
0x000002506e0a35cf:   00 00 00 00 00 00 00 00 00 00 00 00 00 00 00 00
0x000002506e0a35df:   00 00 00 00 00 00 00 00 00 00 00 00 00 00 00 00
0x000002506e0a35ef:   00 00 00 00 00 00 00 00 00 00 00 00 00 00 00 00
0x000002506e0a35ff:   00 00 00 00 00 00 00 00 00 00 00 00 00 00 00 00 


Stack slot to memory mapping:
stack at sp + 0 slots: 0x000002506e06ebb6 is at code_begin+4278 in an Interpreter codelet
return entry points  [0x000002506e06db00, 0x000002506e06f888]  7560 bytes
stack at sp + 1 slots: 0x000000070c035040 is an oop: jdk.proxy2.$Proxy141 
{0x000000070c035040} - klass: 'jdk/proxy2/$Proxy141'
 - ---- fields (total size 2 words):
 - protected 'h' 'Ljava/lang/reflect/InvocationHandler;' @12  a 'org/springframework/aop/framework/JdkDynamicAopProxy'{0x000000070c035050} (0xe1806a0a)
stack at sp + 2 slots: 0x0000008c0860c100 is pointing into the stack for thread: 0x00000250010f7050
stack at sp + 3 slots: 0x0000025079ea5ab0 is pointing into metadata
stack at sp + 4 slots: 0x0000008c0860c178 is pointing into the stack for thread: 0x00000250010f7050
stack at sp + 5 slots: 0x0000025079ea5be0 is pointing into metadata
stack at sp + 6 slots: 0x0000008c0860c1e8 is pointing into the stack for thread: 0x00000250010f7050
stack at sp + 7 slots: 0x000000070b437be0 is an oop: java.lang.Class 
{0x000000070b437be0} - klass: 'java/lang/Class'
 - ---- fields (total size 15 words):
 - private volatile transient 'classRedefinedCount' 'I' @12  0 (0x00000000)
 - abstract internal 'klass' 'J' @16  34377543680 (0x00000008010fb000)
 - abstract internal 'array_klass' 'J' @24  0 (0x0000000000000000)
 - abstract internal 'oop_size' 'I' @32  15 (0x0000000f)
 - abstract internal 'static_oop_field_count' 'I' @36  1 (0x00000001)
 - private volatile transient 'cachedConstructor' 'Ljava/lang/reflect/Constructor;' @40  NULL (0x00000000)
 - private transient 'name' 'Ljava/lang/String;' @44  NULL (0x00000000)
 - private transient 'module' 'Ljava/lang/Module;' @48  a 'java/lang/Module'{0x000000070af5c7b8} (0xe15eb8f7)
 - private final 'classLoader' 'Ljava/lang/ClassLoader;' @52  NULL (0x00000000)
 - private transient 'classData' 'Ljava/lang/Object;' @56  a 'java/lang/invoke/LambdaForm'{0x000000070b43e4e0} => a 'java/lang/invoke/MemberName'{0x000000070b43e648} = {method} {0x0000025079ea5ac8} 'invokeInterface' '(Ljava/lang/Object;Ljava/lang/Object;Ljava/lang/Object;)Ljava/lang/Object;' in 'java/lang/invoke/LambdaForm$DMH+0x00000008010fb000' (0xe1687c9c)
 - private transient 'packageName' 'Ljava/lang/String;' @60  NULL (0x00000000)
 - private final 'componentType' 'Ljava/lang/Class;' @64  NULL (0x00000000)
 - private volatile transient 'reflectionData' 'Ljava/lang/ref/SoftReference;' @68  NULL (0x00000000)
 - private volatile transient 'genericInfo' 'Lsun/reflect/generics/repository/ClassRepository;' @72  NULL (0x00000000)
 - private volatile transient 'enumConstants' '[Ljava/lang/Object;' @76  NULL (0x00000000)
 - private volatile transient 'enumConstantDirectory' 'Ljava/util/Map;' @80  NULL (0x00000000)
 - private volatile transient 'annotationData' 'Ljava/lang/Class$AnnotationData;' @84  NULL (0x00000000)
 - private volatile transient 'annotationType' 'Lsun/reflect/annotation/AnnotationType;' @88  NULL (0x00000000)
 - transient 'classValueMap' 'Ljava/lang/ClassValue$ClassValueMap;' @92  NULL (0x00000000)
 - abstract internal 'protection_domain' 'Ljava/lang/Object;' @96  NULL (0x00000000)
 - abstract internal 'signers_name' 'Ljava/lang/Object;' @100  NULL (0x00000000)
 - abstract internal 'source_file' 'Ljava/lang/Object;' @104  NULL (0x00000000)
 - signature: Ljava/lang/invoke/LambdaForm$DMH+0x00000008010fb000;
 - ---- static fields (1):
 - static final '_D_0' 'Ljava/lang/invoke/LambdaForm;' @112  a 'java/lang/invoke/LambdaForm'{0x000000070b43e4e0} => a 'java/lang/invoke/MemberName'{0x000000070b43e648} = {method} {0x0000025079ea5ac8} 'invokeInterface' '(Ljava/lang/Object;Ljava/lang/Object;Ljava/lang/Object;)Ljava/lang/Object;' in 'java/lang/invoke/LambdaForm$DMH+0x00000008010fb000' (0xe1687c9c)

MethodHandle::interpreter_entry::_linkToInterface [0x000002506e0a34db, 0x000002506e0a356a] (143 bytes)
[MachCode]
  0x000002506e0a34db: 0f1f 4400 | 0048 8b53 | 080f b752 | 2c48 8b0c | d458 5b50 | 448b 5108 | 49bb 0000 | 0000 0800 
  0x000002506e0a34fb: 0000 4d03 | d38b 4318 | 48c1 e003 | 488b 4010 | 488b 5b10 | 458b 9aa0 | 0000 004f | 8d9c dac0 
  0x000002506e0a351b: 0100 004d | 8d14 da49 | 8b1b 483b | c374 1548 | 85db 0f84 | 3200 0000 | 4983 c310 | 498b 1b48 
  0x000002506e0a353b: 3bc3 75eb | 458b 5b08 | 4b8b 1c1a | 4885 db0f | 8410 0000 | 0041 80bf | 0805 0000 | 0074 03ff 
  0x000002506e0a355b: 6338 ff63 | 50e9 1b15 | 0000 e916 | 
[/MachCode]

---------------  P R O C E S S  ---------------

Threads class SMR info:
_java_thread_list=0x0000025000cbc550, length=34, elements={
0x000002507d805740, 0x000002507d808230, 0x000002507d809ac0, 0x000002507d80b410,
0x000002507d80bef0, 0x000002507d80c9d0, 0x000002507d80d5e0, 0x000002507d890f00,
0x000002507d97c080, 0x000002507d960f90, 0x000002507d9bc490, 0x000002507dfe47b0,
0x000002507e8bb010, 0x000002507e94d5a0, 0x000002507effedd0, 0x000002507effe880,
0x000002507effcdf0, 0x000002507efff320, 0x000002507effc8a0, 0x00000250010f45d0,
0x00000250010f6b00, 0x00000250010f6060, 0x00000250010f5b10, 0x00000250010f5070,
0x00000250010f7050, 0x00000250010f4b20, 0x00000250010f55c0, 0x00000250010f65b0,
0x00000250010f75a0, 0x00000250010f4080, 0x00000250011103d0, 0x00000250011133a0,
0x000002500110f930, 0x00000250011138f0
}
_to_delete_list=0x0000025001191d50
Skipping _to_delete_list fields and contents for safety.

Java Threads: ( => current thread )
  0x000002507d805740 JavaThread "Reference Handler" daemon [_thread_blocked, id=2076, stack(0x0000008c05a00000,0x0000008c05b00000)]
  0x000002507d808230 JavaThread "Finalizer" daemon [_thread_blocked, id=22760, stack(0x0000008c05b00000,0x0000008c05c00000)]
  0x000002507d809ac0 JavaThread "Signal Dispatcher" daemon [_thread_blocked, id=4808, stack(0x0000008c05c00000,0x0000008c05d00000)]
  0x000002507d80b410 JavaThread "Attach Listener" daemon [_thread_blocked, id=11216, stack(0x0000008c05d00000,0x0000008c05e00000)]
  0x000002507d80bef0 JavaThread "Service Thread" daemon [_thread_blocked, id=6240, stack(0x0000008c05e00000,0x0000008c05f00000)]
  0x000002507d80c9d0 JavaThread "Monitor Deflation Thread" daemon [_thread_blocked, id=11148, stack(0x0000008c05f00000,0x0000008c06000000)]
  0x000002507d80d5e0 JavaThread "C1 CompilerThread0" daemon [_thread_blocked, id=11160, stack(0x0000008c06000000,0x0000008c06100000)]
  0x000002507d890f00 JavaThread "Common-Cleaner" daemon [_thread_blocked, id=4408, stack(0x0000008c06100000,0x0000008c06200000)]
  0x000002507d97c080 JavaThread "JDWP Transport Listener: dt_socket" daemon [_thread_blocked, id=22332, stack(0x0000008c06400000,0x0000008c06500000)]
  0x000002507d960f90 JavaThread "JDWP Event Helper Thread" daemon [_thread_blocked, id=11168, stack(0x0000008c06500000,0x0000008c06600000)]
  0x000002507d9bc490 JavaThread "Notification Thread" daemon [_thread_blocked, id=17548, stack(0x0000008c06700000,0x0000008c06800000)]
  0x000002507dfe47b0 JavaThread "RMI TCP Accept-0" daemon [_thread_in_native, id=5764, stack(0x0000008c06800000,0x0000008c06900000)]
  0x000002507e8bb010 JavaThread "RMI TCP Connection(idle)" daemon [_thread_blocked, id=16764, stack(0x0000008c07300000,0x0000008c07400000)]
  0x000002507e94d5a0 JavaThread "RMI Scheduler(0)" daemon [_thread_blocked, id=25516, stack(0x0000008c07400000,0x0000008c07500000)]
  0x000002507effedd0 JavaThread "Catalina-utility-1" [_thread_blocked, id=1740, stack(0x0000008c07500000,0x0000008c07600000)]
  0x000002507effe880 JavaThread "Catalina-utility-2" [_thread_blocked, id=23632, stack(0x0000008c07a00000,0x0000008c07b00000)]
  0x000002507effcdf0 JavaThread "container-0" [_thread_blocked, id=17260, stack(0x0000008c07b00000,0x0000008c07c00000)]
  0x000002507efff320 JavaThread "PostgreSQL-JDBC-Cleaner" daemon [_thread_blocked, id=6056, stack(0x0000008c07d00000,0x0000008c07e00000)]
  0x000002507effc8a0 JavaThread "HikariPool-1 housekeeper" daemon [_thread_blocked, id=19568, stack(0x0000008c07e00000,0x0000008c07f00000)]
  0x00000250010f45d0 JavaThread "http-nio-8080-exec-1" daemon [_thread_blocked, id=23852, stack(0x0000008c08100000,0x0000008c08200000)]
  0x00000250010f6b00 JavaThread "http-nio-8080-exec-2" daemon [_thread_blocked, id=17536, stack(0x0000008c08200000,0x0000008c08300000)]
  0x00000250010f6060 JavaThread "http-nio-8080-exec-3" daemon [_thread_blocked, id=23608, stack(0x0000008c08300000,0x0000008c08400000)]
  0x00000250010f5b10 JavaThread "http-nio-8080-exec-4" daemon [_thread_blocked, id=5692, stack(0x0000008c08400000,0x0000008c08500000)]
  0x00000250010f5070 JavaThread "http-nio-8080-exec-5" daemon [_thread_blocked, id=11248, stack(0x0000008c08500000,0x0000008c08600000)]
=>0x00000250010f7050 JavaThread "http-nio-8080-exec-6" daemon [_thread_in_Java, id=22304, stack(0x0000008c08600000,0x0000008c08700000)]
  0x00000250010f4b20 JavaThread "http-nio-8080-exec-7" daemon [_thread_blocked, id=21008, stack(0x0000008c08700000,0x0000008c08800000)]
  0x00000250010f55c0 JavaThread "http-nio-8080-exec-8" daemon [_thread_blocked, id=19012, stack(0x0000008c08800000,0x0000008c08900000)]
  0x00000250010f65b0 JavaThread "http-nio-8080-exec-9" daemon [_thread_blocked, id=1644, stack(0x0000008c08900000,0x0000008c08a00000)]
  0x00000250010f75a0 JavaThread "http-nio-8080-exec-10" daemon [_thread_blocked, id=3132, stack(0x0000008c08a00000,0x0000008c08b00000)]
  0x00000250010f4080 JavaThread "http-nio-8080-Poller" daemon [_thread_blocked, id=15076, stack(0x0000008c08b00000,0x0000008c08c00000)]
  0x00000250011103d0 JavaThread "http-nio-8080-Acceptor" daemon [_thread_in_native, id=23360, stack(0x0000008c08c00000,0x0000008c08d00000)]
  0x00000250011133a0 JavaThread "DestroyJavaVM" [_thread_blocked, id=15048, stack(0x0000008c05300000,0x0000008c05400000)]
  0x000002500110f930 JavaThread "RMI TCP Connection(idle)" daemon [_thread_blocked, id=5708, stack(0x0000008c08d00000,0x0000008c08e00000)]
  0x00000250011138f0 JavaThread "RMI TCP Connection(8)-192.168.100.2" daemon [_thread_blocked, id=24968, stack(0x0000008c08f00000,0x0000008c09000000)]

Other Threads:
  0x0000025079355970 VMThread "VM Thread" [stack: 0x0000008c05900000,0x0000008c05a00000] [id=13500] _threads_hazard_ptr=0x0000025000cbc550
  0x0000025065fb1180 WatcherThread "VM Periodic Task Thread" [stack: 0x0000008c06900000,0x0000008c06a00000] [id=10460]
  0x000002506601d5e0 WorkerThread "GC Thread#0" [stack: 0x0000008c05400000,0x0000008c05500000] [id=21264]
  0x000002507e0fdfe0 WorkerThread "GC Thread#1" [stack: 0x0000008c06a00000,0x0000008c06b00000] [id=5864]
  0x000002507e0fe6c0 WorkerThread "GC Thread#2" [stack: 0x0000008c06b00000,0x0000008c06c00000] [id=13308]
  0x000002507e0feda0 WorkerThread "GC Thread#3" [stack: 0x0000008c06c00000,0x0000008c06d00000] [id=10872]
  0x000002507e0ffa70 WorkerThread "GC Thread#4" [stack: 0x0000008c06d00000,0x0000008c06e00000] [id=14128]
  0x000002507e100b50 WorkerThread "GC Thread#5" [stack: 0x0000008c06e00000,0x0000008c06f00000] [id=7184]
  0x000002507e100e20 WorkerThread "GC Thread#6" [stack: 0x0000008c06f00000,0x0000008c07000000] [id=23396]
  0x000002507e0ff4d0 WorkerThread "GC Thread#7" [stack: 0x0000008c07000000,0x0000008c07100000] [id=15088]
  0x000002507e0ffd40 WorkerThread "GC Thread#8" [stack: 0x0000008c07100000,0x0000008c07200000] [id=4812]
  0x000002507e1010f0 WorkerThread "GC Thread#9" [stack: 0x0000008c07200000,0x0000008c07300000] [id=20376]
  0x000002506602de30 ConcurrentGCThread "G1 Main Marker" [stack: 0x0000008c05500000,0x0000008c05600000] [id=16836]
  0x000002506602f7c0 WorkerThread "G1 Conc#0" [stack: 0x0000008c05600000,0x0000008c05700000] [id=2240]
  0x000002507e1005b0 WorkerThread "G1 Conc#1" [stack: 0x0000008c07800000,0x0000008c07900000] [id=24548]
  0x000002507e1002e0 WorkerThread "G1 Conc#2" [stack: 0x0000008c07900000,0x0000008c07a00000] [id=196]
  0x000002506605ec50 ConcurrentGCThread "G1 Refine#0" [stack: 0x0000008c05700000,0x0000008c05800000] [id=1936]
  0x0000025079217d90 ConcurrentGCThread "G1 Service" [stack: 0x0000008c05800000,0x0000008c05900000] [id=10512]

Threads with active compile tasks:
C1 CompilerThread0   743974 6668   !   1       java.util.concurrent.FutureTask::runAndReset (18 bytes)

VM state: synchronizing (normal execution)

VM Mutex/Monitor currently owned by a thread:  ([mutex/lock_event])
[0x0000025065fac080] Threads_lock - owner thread: 0x0000025079355970

OutOfMemory and StackOverflow Exception counts:
StackOverflowErrors=14
LinkageErrors=159

Heap address: 0x000000070ac00000, size: 3924 MB, Compressed Oops mode: Zero based, Oop shift amount: 3

CDS archive(s) mapped at: [0x0000000800000000-0x0000000800c60000-0x0000000800c60000), size 12976128, SharedBaseAddress: 0x0000000800000000, ArchiveRelocationMode: 0.
Compressed class space mapped at: 0x0000000801000000-0x0000000841000000, reserved size: 1073741824
Narrow klass base: 0x0000000800000000, Narrow klass shift: 0, Narrow klass range: 0x100000000

GC Precious Log:
 CardTable entry size: 512
 Card Set container configuration: InlinePtr #cards 4 size 8 Array Of Cards #cards 16 size 48 Howl #buckets 8 coarsen threshold 3686 Howl Bitmap #cards 512 size 80 coarsen threshold 460 Card regions per heap region 1 cards per card region 4096
 CPUs: 12 total, 12 available
 Memory: 15694M
 Large Page Support: Disabled
 NUMA Support: Disabled
 Compressed Oops: Enabled (Zero based)
 Heap Region Size: 2M
 Heap Min Capacity: 8M
 Heap Initial Capacity: 246M
 Heap Max Capacity: 3924M
 Pre-touch: Disabled
 Parallel Workers: 10
 Concurrent Workers: 3
 Concurrent Refinement Workers: 10
 Periodic GC: Disabled

Heap:
 garbage-first heap   total 83968K, used 41317K [0x000000070ac00000, 0x0000000800000000)
  region size 2048K, 6 young (12288K), 3 survivors (6144K)
 Metaspace       used 71513K, committed 72384K, reserved 1114112K
  class space    used 10198K, committed 10624K, reserved 1048576K

Heap Regions: E=young(eden), S=young(survivor), O=old, HS=humongous(starts), HC=humongous(continues), CS=collection set, F=free, OA=open archive, CA=closed archive, TAMS=top-at-mark-start, PB=parsable bottom
|   0|0x000000070ac00000, 0x000000070ae00000, 0x000000070ae00000|100%| O|  |TAMS 0x000000070ac00000| PB 0x000000070ac00000| Untracked 
|   1|0x000000070ae00000, 0x000000070b000000, 0x000000070b000000|100%| O|  |TAMS 0x000000070ae00000| PB 0x000000070ae00000| Untracked 
|   2|0x000000070b000000, 0x000000070b200000, 0x000000070b200000|100%| O|  |TAMS 0x000000070b000000| PB 0x000000070b000000| Untracked 
|   3|0x000000070b200000, 0x000000070b400000, 0x000000070b400000|100%| O|  |TAMS 0x000000070b200000| PB 0x000000070b200000| Untracked 
|   4|0x000000070b400000, 0x000000070b600000, 0x000000070b600000|100%| O|  |TAMS 0x000000070b400000| PB 0x000000070b400000| Untracked 
|   5|0x000000070b600000, 0x000000070b800000, 0x000000070b800000|100%| O|  |TAMS 0x000000070b600000| PB 0x000000070b600000| Untracked 
|   6|0x000000070b800000, 0x000000070ba00000, 0x000000070ba00000|100%| O|  |TAMS 0x000000070b800000| PB 0x000000070b800000| Untracked 
|   7|0x000000070ba00000, 0x000000070bc00000, 0x000000070bc00000|100%| O|  |TAMS 0x000000070ba00000| PB 0x000000070ba00000| Untracked 
|   8|0x000000070bc00000, 0x000000070be00000, 0x000000070be00000|100%| O|  |TAMS 0x000000070bc00000| PB 0x000000070bc00000| Untracked 
|   9|0x000000070be00000, 0x000000070c000000, 0x000000070c000000|100%| O|  |TAMS 0x000000070be00000| PB 0x000000070be00000| Untracked 
|  10|0x000000070c000000, 0x000000070c200000, 0x000000070c200000|100%| O|  |TAMS 0x000000070c000000| PB 0x000000070c000000| Untracked 
|  11|0x000000070c200000, 0x000000070c400000, 0x000000070c400000|100%| O|  |TAMS 0x000000070c200000| PB 0x000000070c200000| Untracked 
|  12|0x000000070c400000, 0x000000070c600000, 0x000000070c600000|100%| O|  |TAMS 0x000000070c400000| PB 0x000000070c400000| Untracked 
|  13|0x000000070c600000, 0x000000070c800000, 0x000000070c800000|100%| O|  |TAMS 0x000000070c600000| PB 0x000000070c600000| Untracked 
|  14|0x000000070c800000, 0x000000070ca00000, 0x000000070ca00000|100%| O|  |TAMS 0x000000070c800000| PB 0x000000070c800000| Untracked 
|  15|0x000000070ca00000, 0x000000070ca59600, 0x000000070cc00000| 17%| O|  |TAMS 0x000000070ca00000| PB 0x000000070ca00000| Untracked 
|  16|0x000000070cc00000, 0x000000070cc00000, 0x000000070ce00000|  0%| F|  |TAMS 0x000000070cc00000| PB 0x000000070cc00000| Untracked 
|  17|0x000000070ce00000, 0x000000070d000000, 0x000000070d000000|100%| S|CS|TAMS 0x000000070ce00000| PB 0x000000070ce00000| Complete 
|  18|0x000000070d000000, 0x000000070d200000, 0x000000070d200000|100%| S|CS|TAMS 0x000000070d000000| PB 0x000000070d000000| Complete 
|  19|0x000000070d200000, 0x000000070d400000, 0x000000070d400000|100%| S|CS|TAMS 0x000000070d200000| PB 0x000000070d200000| Complete 
|  20|0x000000070d400000, 0x000000070d400000, 0x000000070d600000|  0%| F|  |TAMS 0x000000070d400000| PB 0x000000070d400000| Untracked 
|  21|0x000000070d600000, 0x000000070d600000, 0x000000070d800000|  0%| F|  |TAMS 0x000000070d600000| PB 0x000000070d600000| Untracked 
|  22|0x000000070d800000, 0x000000070d800000, 0x000000070da00000|  0%| F|  |TAMS 0x000000070d800000| PB 0x000000070d800000| Untracked 
|  23|0x000000070da00000, 0x000000070da00000, 0x000000070dc00000|  0%| F|  |TAMS 0x000000070da00000| PB 0x000000070da00000| Untracked 
|  24|0x000000070dc00000, 0x000000070dc00000, 0x000000070de00000|  0%| F|  |TAMS 0x000000070dc00000| PB 0x000000070dc00000| Untracked 
|  25|0x000000070de00000, 0x000000070de00000, 0x000000070e000000|  0%| F|  |TAMS 0x000000070de00000| PB 0x000000070de00000| Untracked 
|  26|0x000000070e000000, 0x000000070e000000, 0x000000070e200000|  0%| F|  |TAMS 0x000000070e000000| PB 0x000000070e000000| Untracked 
|  27|0x000000070e200000, 0x000000070e200000, 0x000000070e400000|  0%| F|  |TAMS 0x000000070e200000| PB 0x000000070e200000| Untracked 
|  28|0x000000070e400000, 0x000000070e400000, 0x000000070e600000|  0%| F|  |TAMS 0x000000070e400000| PB 0x000000070e400000| Untracked 
|  29|0x000000070e600000, 0x000000070e600000, 0x000000070e800000|  0%| F|  |TAMS 0x000000070e600000| PB 0x000000070e600000| Untracked 
|  30|0x000000070e800000, 0x000000070e800000, 0x000000070ea00000|  0%| F|  |TAMS 0x000000070e800000| PB 0x000000070e800000| Untracked 
|  31|0x000000070ea00000, 0x000000070ea00000, 0x000000070ec00000|  0%| F|  |TAMS 0x000000070ea00000| PB 0x000000070ea00000| Untracked 
|  32|0x000000070ec00000, 0x000000070ec00000, 0x000000070ee00000|  0%| F|  |TAMS 0x000000070ec00000| PB 0x000000070ec00000| Untracked 
|  33|0x000000070ee00000, 0x000000070ee00000, 0x000000070f000000|  0%| F|  |TAMS 0x000000070ee00000| PB 0x000000070ee00000| Untracked 
|  34|0x000000070f000000, 0x000000070f000000, 0x000000070f200000|  0%| F|  |TAMS 0x000000070f000000| PB 0x000000070f000000| Untracked 
|  90|0x0000000716000000, 0x0000000716000000, 0x0000000716200000|  0%| F|  |TAMS 0x0000000716000000| PB 0x0000000716000000| Untracked 
|  91|0x0000000716200000, 0x0000000716200000, 0x0000000716400000|  0%| F|  |TAMS 0x0000000716200000| PB 0x0000000716200000| Untracked 
|  92|0x0000000716400000, 0x0000000716400000, 0x0000000716600000|  0%| F|  |TAMS 0x0000000716400000| PB 0x0000000716400000| Untracked 
|  93|0x0000000716600000, 0x0000000716635e48, 0x0000000716800000| 10%| E|  |TAMS 0x0000000716600000| PB 0x0000000716600000| Complete 
| 121|0x0000000719e00000, 0x000000071a000000, 0x000000071a000000|100%| E|CS|TAMS 0x0000000719e00000| PB 0x0000000719e00000| Complete 
| 122|0x000000071a000000, 0x000000071a200000, 0x000000071a200000|100%| E|CS|TAMS 0x000000071a000000| PB 0x000000071a000000| Complete 

Card table byte_map: [0x0000025071c40000,0x00000250723f0000] _byte_map_base: 0x000002506e3ea000

Marking Bits: (CMBitMap*) 0x0000025065fc9e10
 Bits: [0x0000025072ba0000, 0x00000250768f0000)

Polling page: 0x0000025065760000

Metaspace:

Usage:
  Non-class:     59.88 MB used.
      Class:      9.96 MB used.
       Both:     69.84 MB used.

Virtual space:
  Non-class space:       64.00 MB reserved,      60.31 MB ( 94%) committed,  1 nodes.
      Class space:        1.00 GB reserved,      10.38 MB (  1%) committed,  1 nodes.
             Both:        1.06 GB reserved,      70.69 MB (  6%) committed. 

Chunk freelists:
   Non-Class:  3.47 MB
       Class:  1.61 MB
        Both:  5.07 MB

MaxMetaspaceSize: unlimited
CompressedClassSpaceSize: 1.00 GB
Initial GC threshold: 21.00 MB
Current GC threshold: 97.94 MB
CDS: on
MetaspaceReclaimPolicy: balanced
 - commit_granule_bytes: 65536.
 - commit_granule_words: 8192.
 - virtual_space_node_default_size: 8388608.
 - enlarge_chunks_in_place: 1.
 - new_chunks_are_fully_committed: 0.
 - uncommit_free_chunks: 1.
 - use_allocation_guard: 0.


Internal statistics:

num_allocs_failed_limit: 11.
num_arena_births: 1226.
num_arena_deaths: 0.
num_vsnodes_births: 2.
num_vsnodes_deaths: 0.
num_space_committed: 1131.
num_space_uncommitted: 0.
num_chunks_returned_to_freelist: 11.
num_chunks_taken_from_freelist: 3803.
num_chunk_merges: 11.
num_chunk_splits: 2744.
num_chunks_enlarged: 2111.
num_inconsistent_stats: 0.

CodeCache: size=49152Kb used=12493Kb max_used=13559Kb free=36658Kb
 bounds [0x000002506e050000, 0x000002506ed90000, 0x0000025071050000]
 total_blobs=7278 nmethods=6575 adapters=627
 compilation: enabled
              stopped_count=0, restarted_count=0
 full_count=0

Compilation events (20 events):
Event: 743.904 Thread 0x000002507d80d5e0 nmethod 6658 0x000002506e2ca190 code [0x000002506e2ca320, 0x000002506e2ca4b0]
Event: 743.904 Thread 0x000002507d80d5e0 6659       1       java.util.concurrent.ThreadPoolExecutor::workerCountOf (5 bytes)
Event: 743.904 Thread 0x000002507d80d5e0 nmethod 6659 0x000002506e2c9e90 code [0x000002506e2ca000, 0x000002506e2ca0b0]
Event: 743.904 Thread 0x000002507d80d5e0 6660       1       java.util.concurrent.ThreadPoolExecutor::getQueue (5 bytes)
Event: 743.904 Thread 0x000002507d80d5e0 nmethod 6660 0x000002506e2c9b90 code [0x000002506e2c9d00, 0x000002506e2c9dd0]
Event: 743.904 Thread 0x000002507d80d5e0 6661       1       com.intellij.rt.debugger.agent.CaptureStorage$HardKey::hashCode (5 bytes)
Event: 743.904 Thread 0x000002507d80d5e0 nmethod 6661 0x000002506e2c9890 code [0x000002506e2c9a00, 0x000002506e2c9ac8]
Event: 743.904 Thread 0x000002507d80d5e0 6663       1       java.util.concurrent.locks.AbstractQueuedSynchronizer$ConditionObject::signal (34 bytes)
Event: 743.905 Thread 0x000002507d80d5e0 nmethod 6663 0x000002506e2c9410 code [0x000002506e2c95c0, 0x000002506e2c9798]
Event: 743.905 Thread 0x000002507d80d5e0 6662       1       java.util.concurrent.ScheduledThreadPoolExecutor$ScheduledFutureTask::getDelay (16 bytes)
Event: 743.905 Thread 0x000002507d80d5e0 nmethod 6662 0x000002506e2c9090 code [0x000002506e2c9220, 0x000002506e2c9348]
Event: 743.905 Thread 0x000002507d80d5e0 6665       1       java.util.concurrent.TimeUnit::convert (77 bytes)
Event: 743.905 Thread 0x000002507d80d5e0 nmethod 6665 0x000002506e2c8a10 code [0x000002506e2c8c00, 0x000002506e2c8ea0]
Event: 743.905 Thread 0x000002507d80d5e0 6664       1       java.util.concurrent.ScheduledThreadPoolExecutor$DelayedWorkQueue::take (5 bytes)
Event: 743.905 Thread 0x000002507d80d5e0 nmethod 6664 0x000002506e2c8710 code [0x000002506e2c88a0, 0x000002506e2c8988]
Event: 743.905 Thread 0x000002507d80d5e0 6666       1       java.util.concurrent.locks.LockSupport::setBlocker (12 bytes)
Event: 743.905 Thread 0x000002507d80d5e0 nmethod 6666 0x000002506e2c8410 code [0x000002506e2c8580, 0x000002506e2c8690]
Event: 743.905 Thread 0x000002507d80d5e0 6667       1       java.util.concurrent.locks.AbstractQueuedSynchronizer$ConditionObject::canReacquire (38 bytes)
Event: 743.905 Thread 0x000002507d80d5e0 nmethod 6667 0x000002506e2c7f90 code [0x000002506e2c8120, 0x000002506e2c82a0]
Event: 743.905 Thread 0x000002507d80d5e0 6668   !   1       java.util.concurrent.FutureTask::runAndReset (18 bytes)

GC Heap History (20 events):
Event: 2.736 GC heap before
{Heap before GC invocations=4 (full 0):
 garbage-first heap   total 69632K, used 46660K [0x000000070ac00000, 0x0000000800000000)
  region size 2048K, 20 young (40960K), 4 survivors (8192K)
 Metaspace       used 23203K, committed 23552K, reserved 1114112K
  class space    used 3075K, committed 3200K, reserved 1048576K
}
Event: 2.743 GC heap after
{Heap after GC invocations=5 (full 0):
 garbage-first heap   total 69632K, used 15633K [0x000000070ac00000, 0x0000000800000000)
  region size 2048K, 2 young (4096K), 2 survivors (4096K)
 Metaspace       used 23203K, committed 23552K, reserved 1114112K
  class space    used 3075K, committed 3200K, reserved 1048576K
}
Event: 3.336 GC heap before
{Heap before GC invocations=5 (full 0):
 garbage-first heap   total 69632K, used 50449K [0x000000070ac00000, 0x0000000800000000)
  region size 2048K, 19 young (38912K), 2 survivors (4096K)
 Metaspace       used 27313K, committed 27776K, reserved 1114112K
  class space    used 3704K, committed 3968K, reserved 1048576K
}
Event: 3.343 GC heap after
{Heap after GC invocations=6 (full 0):
 garbage-first heap   total 69632K, used 18693K [0x000000070ac00000, 0x0000000800000000)
  region size 2048K, 3 young (6144K), 3 survivors (6144K)
 Metaspace       used 27313K, committed 27776K, reserved 1114112K
  class space    used 3704K, committed 3968K, reserved 1048576K
}
Event: 3.929 GC heap before
{Heap before GC invocations=6 (full 0):
 garbage-first heap   total 69632K, used 53509K [0x000000070ac00000, 0x0000000800000000)
  region size 2048K, 20 young (40960K), 3 survivors (6144K)
 Metaspace       used 32283K, committed 32896K, reserved 1114112K
  class space    used 4440K, committed 4736K, reserved 1048576K
}
Event: 3.938 GC heap after
{Heap after GC invocations=7 (full 0):
 garbage-first heap   total 69632K, used 21905K [0x000000070ac00000, 0x0000000800000000)
  region size 2048K, 3 young (6144K), 3 survivors (6144K)
 Metaspace       used 32283K, committed 32896K, reserved 1114112K
  class space    used 4440K, committed 4736K, reserved 1048576K
}
Event: 4.381 GC heap before
{Heap before GC invocations=7 (full 0):
 garbage-first heap   total 69632K, used 46481K [0x000000070ac00000, 0x0000000800000000)
  region size 2048K, 17 young (34816K), 3 survivors (6144K)
 Metaspace       used 35391K, committed 35968K, reserved 1114112K
  class space    used 4891K, committed 5184K, reserved 1048576K
}
Event: 4.385 GC heap after
{Heap after GC invocations=8 (full 0):
 garbage-first heap   total 83968K, used 23006K [0x000000070ac00000, 0x0000000800000000)
  region size 2048K, 1 young (2048K), 1 survivors (2048K)
 Metaspace       used 35391K, committed 35968K, reserved 1114112K
  class space    used 4891K, committed 5184K, reserved 1048576K
}
Event: 5.171 GC heap before
{Heap before GC invocations=9 (full 0):
 garbage-first heap   total 83968K, used 70110K [0x000000070ac00000, 0x0000000800000000)
  region size 2048K, 24 young (49152K), 1 survivors (2048K)
 Metaspace       used 45868K, committed 46464K, reserved 1114112K
  class space    used 6328K, committed 6592K, reserved 1048576K
}
Event: 5.174 GC heap after
{Heap after GC invocations=10 (full 0):
 garbage-first heap   total 83968K, used 25623K [0x000000070ac00000, 0x0000000800000000)
  region size 2048K, 3 young (6144K), 3 survivors (6144K)
 Metaspace       used 45868K, committed 46464K, reserved 1114112K
  class space    used 6328K, committed 6592K, reserved 1048576K
}
Event: 5.930 GC heap before
{Heap before GC invocations=10 (full 0):
 garbage-first heap   total 83968K, used 68631K [0x000000070ac00000, 0x0000000800000000)
  region size 2048K, 24 young (49152K), 3 survivors (6144K)
 Metaspace       used 56152K, committed 56768K, reserved 1114112K
  class space    used 7948K, committed 8192K, reserved 1048576K
}
Event: 5.934 GC heap after
{Heap after GC invocations=11 (full 0):
 garbage-first heap   total 83968K, used 26878K [0x000000070ac00000, 0x0000000800000000)
  region size 2048K, 3 young (6144K), 3 survivors (6144K)
 Metaspace       used 56152K, committed 56768K, reserved 1114112K
  class space    used 7948K, committed 8192K, reserved 1048576K
}
Event: 6.237 GC heap before
{Heap before GC invocations=11 (full 0):
 garbage-first heap   total 83968K, used 51454K [0x000000070ac00000, 0x0000000800000000)
  region size 2048K, 16 young (32768K), 3 survivors (6144K)
 Metaspace       used 59420K, committed 60096K, reserved 1114112K
  class space    used 8371K, committed 8704K, reserved 1048576K
}
Event: 6.242 GC heap after
{Heap after GC invocations=12 (full 0):
 garbage-first heap   total 83968K, used 28756K [0x000000070ac00000, 0x0000000800000000)
  region size 2048K, 2 young (4096K), 2 survivors (4096K)
 Metaspace       used 59420K, committed 60096K, reserved 1114112K
  class space    used 8371K, committed 8704K, reserved 1048576K
}
Event: 6.821 GC heap before
{Heap before GC invocations=13 (full 0):
 garbage-first heap   total 83968K, used 71764K [0x000000070ac00000, 0x0000000800000000)
  region size 2048K, 23 young (47104K), 2 survivors (4096K)
 Metaspace       used 62395K, committed 63104K, reserved 1114112K
  class space    used 8885K, committed 9216K, reserved 1048576K
}
Event: 6.825 GC heap after
{Heap after GC invocations=14 (full 0):
 garbage-first heap   total 83968K, used 31484K [0x000000070ac00000, 0x0000000800000000)
  region size 2048K, 3 young (6144K), 3 survivors (6144K)
 Metaspace       used 62395K, committed 63104K, reserved 1114112K
  class space    used 8885K, committed 9216K, reserved 1048576K
}
Event: 7.337 GC heap before
{Heap before GC invocations=14 (full 0):
 garbage-first heap   total 83968K, used 68348K [0x000000070ac00000, 0x0000000800000000)
  region size 2048K, 21 young (43008K), 3 survivors (6144K)
 Metaspace       used 64809K, committed 65600K, reserved 1114112K
  class space    used 9272K, committed 9600K, reserved 1048576K
}
Event: 7.341 GC heap after
{Heap after GC invocations=15 (full 0):
 garbage-first heap   total 83968K, used 34020K [0x000000070ac00000, 0x0000000800000000)
  region size 2048K, 3 young (6144K), 3 survivors (6144K)
 Metaspace       used 64809K, committed 65600K, reserved 1114112K
  class space    used 9272K, committed 9600K, reserved 1048576K
}
Event: 28.571 GC heap before
{Heap before GC invocations=15 (full 0):
 garbage-first heap   total 83968K, used 68836K [0x000000070ac00000, 0x0000000800000000)
  region size 2048K, 21 young (43008K), 3 survivors (6144K)
 Metaspace       used 71018K, committed 71872K, reserved 1114112K
  class space    used 10133K, committed 10496K, reserved 1048576K
}
Event: 28.576 GC heap after
{Heap after GC invocations=16 (full 0):
 garbage-first heap   total 83968K, used 37221K [0x000000070ac00000, 0x0000000800000000)
  region size 2048K, 3 young (6144K), 3 survivors (6144K)
 Metaspace       used 71018K, committed 71872K, reserved 1114112K
  class space    used 10133K, committed 10496K, reserved 1048576K
}

Dll operation events (13 events):
Event: 0.020 Loaded shared library C:\Users\iwant\.jdks\openjdk-20\bin\java.dll
Event: 0.021 Loaded shared library C:\Users\iwant\.jdks\openjdk-20\bin\zip.dll
Event: 0.030 Loaded shared library C:\Users\iwant\.jdks\openjdk-20\bin\jsvml.dll
Event: 0.618 Loaded shared library C:\Users\iwant\.jdks\openjdk-20\bin\instrument.dll
Event: 0.651 Loaded shared library C:\Users\iwant\.jdks\openjdk-20\bin\jimage.dll
Event: 0.674 Loaded shared library C:\Users\iwant\.jdks\openjdk-20\bin\net.dll
Event: 0.676 Loaded shared library C:\Users\iwant\.jdks\openjdk-20\bin\nio.dll
Event: 0.686 Loaded shared library C:\Users\iwant\.jdks\openjdk-20\bin\zip.dll
Event: 0.809 Loaded shared library C:\Users\iwant\.jdks\openjdk-20\bin\management.dll
Event: 0.825 Loaded shared library C:\Users\iwant\.jdks\openjdk-20\bin\management_ext.dll
Event: 1.196 Loaded shared library C:\Users\iwant\.jdks\openjdk-20\bin\extnet.dll
Event: 1.231 Loaded shared library C:\Users\iwant\.jdks\openjdk-20\bin\verify.dll
Event: 3.904 Loaded shared library C:\Users\iwant\.jdks\openjdk-20\bin\sunmscapi.dll

Deoptimization events (20 events):
Event: 28.306 Thread 0x00000250010f6b00 DEOPT PACKING pc=0x000002506e49a0c9 sp=0x0000008c082f9b50
Event: 28.306 Thread 0x00000250010f6b00 DEOPT UNPACKING pc=0x000002506e0ba4c2 sp=0x0000008c082f8fa8 mode 1
Event: 28.306 Thread 0x00000250010f6b00 DEOPT PACKING pc=0x000002506e49988c sp=0x0000008c082f9be0
Event: 28.306 Thread 0x00000250010f6b00 DEOPT UNPACKING pc=0x000002506e0ba4c2 sp=0x0000008c082f9088 mode 1
Event: 28.306 Thread 0x00000250010f6b00 DEOPT PACKING pc=0x000002506e46f374 sp=0x0000008c082fa5d0
Event: 28.306 Thread 0x00000250010f6b00 DEOPT UNPACKING pc=0x000002506e0ba4c2 sp=0x0000008c082f9a98 mode 1
Event: 28.306 Thread 0x00000250010f6b00 DEOPT PACKING pc=0x000002506e7771b4 sp=0x0000008c082fa660
Event: 28.306 Thread 0x00000250010f6b00 DEOPT UNPACKING pc=0x000002506e0ba4c2 sp=0x0000008c082f9c48 mode 1
Event: 28.306 Thread 0x00000250010f6b00 DEOPT PACKING pc=0x000002506e49a0c9 sp=0x0000008c082f9c60
Event: 28.306 Thread 0x00000250010f6b00 DEOPT UNPACKING pc=0x000002506e0ba4c2 sp=0x0000008c082f90b8 mode 1
Event: 28.306 Thread 0x00000250010f6b00 DEOPT PACKING pc=0x000002506e49988c sp=0x0000008c082f9cf0
Event: 28.306 Thread 0x00000250010f6b00 DEOPT UNPACKING pc=0x000002506e0ba4c2 sp=0x0000008c082f9198 mode 1
Event: 28.306 Thread 0x00000250010f6b00 DEOPT PACKING pc=0x000002506e46f374 sp=0x0000008c082fa6e0
Event: 28.306 Thread 0x00000250010f6b00 DEOPT UNPACKING pc=0x000002506e0ba4c2 sp=0x0000008c082f9ba8 mode 1
Event: 28.306 Thread 0x00000250010f6b00 DEOPT PACKING pc=0x000002506e46f06c sp=0x0000008c082fa770
Event: 28.306 Thread 0x00000250010f6b00 DEOPT UNPACKING pc=0x000002506e0ba4c2 sp=0x0000008c082f9c48 mode 1
Event: 535.386 Thread 0x00000250010f7050 DEOPT PACKING pc=0x000002506e1bca14 sp=0x0000008c0860c110
Event: 535.386 Thread 0x00000250010f7050 DEOPT UNPACKING pc=0x000002506e0ba4c2 sp=0x0000008c0860b5b0 mode 0
Event: 743.902 Thread 0x00000250011138f0 DEOPT PACKING pc=0x000002506ed4cddc sp=0x0000008c08ffea80
Event: 743.902 Thread 0x00000250011138f0 DEOPT UNPACKING pc=0x000002506e0ba4c2 sp=0x0000008c08ffdf38 mode 0

Classes loaded (20 events):
Event: 28.781 Loading class org/springframework/util/LinkedCaseInsensitiveMap$EntryIterator
Event: 28.781 Loading class org/springframework/util/LinkedCaseInsensitiveMap$EntryIterator done
Event: 32.112 Loading class org/springframework/security/authentication/AuthenticationObservationContext
Event: 32.112 Loading class org/springframework/security/authentication/AuthenticationObservationContext done
Event: 32.113 Loading class org/springframework/security/authentication/AuthenticationObservationContext
Event: 32.113 Loading class org/springframework/security/authentication/AuthenticationObservationContext done
Event: 32.113 Loading class org/springframework/security/authentication/AuthenticationObservationContext
Event: 32.113 Loading class org/springframework/security/authentication/AuthenticationObservationContext done
Event: 32.113 Loading class org/springframework/security/authentication/AuthenticationObservationContext
Event: 32.113 Loading class org/springframework/security/authentication/AuthenticationObservationContext done
Event: 32.113 Loading class org/springframework/security/authentication/ObservationAuthenticationManager
Event: 32.113 Loading class org/springframework/security/authentication/ObservationAuthenticationManager done
Event: 32.113 Loading class org/springframework/security/core/Authentication
Event: 32.113 Loading class org/springframework/security/core/Authentication done
Event: 32.113 Loading class org/springframework/security/core/Authentication
Event: 32.113 Loading class org/springframework/security/core/Authentication done
Event: 32.113 Loading class io/micrometer/observation/Observation$Context
Event: 32.113 Loading class io/micrometer/observation/Observation$Context done
Event: 743.903 Loading class java/util/concurrent/atomic/Striped64$Cell
Event: 743.903 Loading class java/util/concurrent/atomic/Striped64$Cell done

Classes unloaded (0 events):
No events

Classes redefined (0 events):
No events

Internal exceptions (20 events):
Event: 7.635 Thread 0x000002500110f930 Exception <a 'java/lang/NoSuchMethodError'{0x000000071626f0b0}: 'java.lang.Object java.lang.invoke.DirectMethodHandle$Holder.invokeInterface(java.lang.Object, java.lang.Object, java.lang.Object, java.lang.Object, java.lang.Object, java.lang.Object, java.lang.Object)'> (0x000000071626f0b0) 
thrown [s\open\src\hotspot\share\interpreter\linkResolver.cpp, line 773]
Event: 7.764 Thread 0x000002500110f930 Exception <a 'java/lang/NoSuchMethodError'{0x000000070ee6c780}: 'int java.lang.invoke.DirectMethodHandle$Holder.invokeInterface(java.lang.Object, java.lang.Object, int)'> (0x000000070ee6c780) 
thrown [s\open\src\hotspot\share\interpreter\linkResolver.cpp, line 773]
Event: 28.051 Thread 0x00000250010f45d0 Exception <a 'java/lang/NoSuchMethodError'{0x000000070ea19718}: 'java.lang.Object java.lang.invoke.DirectMethodHandle$Holder.invokeSpecial(java.lang.Object, java.lang.Object, java.lang.Object, java.lang.Object, java.lang.Object, long)'> (0x000000070ea19718) 
thrown [s\open\src\hotspot\share\interpreter\linkResolver.cpp, line 773]
Event: 28.051 Thread 0x00000250010f45d0 Exception <a 'java/lang/NoSuchMethodError'{0x000000070ea1ced8}: 'java.lang.Object java.lang.invoke.Invokers$Holder.linkToTargetMethod(java.lang.Object, java.lang.Object, java.lang.Object, long, java.lang.Object)'> (0x000000070ea1ced8) 
thrown [s\open\src\hotspot\share\interpreter\linkResolver.cpp, line 773]
Event: 28.675 Thread 0x00000250010f6060 Exception <a 'java/lang/NoSuchMethodError'{0x0000000719e1c510}: 'java.lang.Object java.lang.invoke.DirectMethodHandle$Holder.invokeStatic(java.lang.Object, int, int)'> (0x0000000719e1c510) 
thrown [s\open\src\hotspot\share\interpreter\linkResolver.cpp, line 773]
Event: 32.117 Thread 0x00000250010f7050 Exception <a 'java/lang/StackOverflowError'{0x0000000719f36418}> (0x0000000719f36418) 
thrown [s\open\src\hotspot\share\interpreter\interpreterRuntime.cpp, line 378]
Event: 32.530 Thread 0x00000250010f7050 Exception <a 'java/lang/StackOverflowError'{0x0000000719f3ba40}> (0x0000000719f3ba40) 
thrown [s\open\src\hotspot\share\runtime\javaCalls.cpp, line 388]
Event: 32.952 Thread 0x00000250010f7050 Exception <a 'java/lang/StackOverflowError'{0x0000000719f9d330}> (0x0000000719f9d330) 
thrown [s\open\src\hotspot\share\runtime\javaCalls.cpp, line 388]
Event: 32.984 Thread 0x00000250010f7050 Exception <a 'java/lang/StackOverflowError'{0x0000000719fa2958}> (0x0000000719fa2958) 
thrown [s\open\src\hotspot\share\runtime\javaCalls.cpp, line 388]
Event: 535.863 Thread 0x00000250010f7050 Exception <a 'java/lang/StackOverflowError'{0x0000000719fa7f80}> (0x0000000719fa7f80) 
thrown [s\open\src\hotspot\share\runtime\javaCalls.cpp, line 388]
Event: 535.865 Thread 0x00000250010f7050 Exception <a 'java/lang/StackOverflowError'{0x0000000719fad628}> (0x0000000719fad628) 
thrown [s\open\src\hotspot\share\runtime\javaCalls.cpp, line 388]
Event: 535.866 Thread 0x00000250010f7050 Exception <a 'java/lang/StackOverflowError'{0x0000000719fb2c50}> (0x0000000719fb2c50) 
thrown [s\open\src\hotspot\share\runtime\javaCalls.cpp, line 388]
Event: 535.898 Thread 0x00000250010f7050 Exception <a 'java/lang/StackOverflowError'{0x0000000719fb82a0}> (0x0000000719fb82a0) 
thrown [s\open\src\hotspot\share\runtime\javaCalls.cpp, line 388]
Event: 535.899 Thread 0x00000250010f7050 Exception <a 'java/lang/StackOverflowError'{0x0000000719fbd8c8}> (0x0000000719fbd8c8) 
thrown [s\open\src\hotspot\share\runtime\javaCalls.cpp, line 388]
Event: 734.131 Thread 0x00000250010f7050 Exception <a 'java/lang/StackOverflowError'{0x0000000719fc2f48}> (0x0000000719fc2f48) 
thrown [s\open\src\hotspot\share\runtime\javaCalls.cpp, line 388]
Event: 734.132 Thread 0x00000250010f7050 Exception <a 'java/lang/StackOverflowError'{0x0000000719fc8570}> (0x0000000719fc8570) 
thrown [s\open\src\hotspot\share\runtime\javaCalls.cpp, line 388]
Event: 734.133 Thread 0x00000250010f7050 Exception <a 'java/lang/StackOverflowError'{0x0000000719fcdbc0}> (0x0000000719fcdbc0) 
thrown [s\open\src\hotspot\share\runtime\javaCalls.cpp, line 388]
Event: 734.134 Thread 0x00000250010f7050 Exception <a 'java/lang/StackOverflowError'{0x0000000719fd31e8}> (0x0000000719fd31e8) 
thrown [s\open\src\hotspot\share\runtime\javaCalls.cpp, line 388]
Event: 734.136 Thread 0x00000250010f7050 Exception <a 'java/lang/StackOverflowError'{0x0000000719fd8868}> (0x0000000719fd8868) 
thrown [s\open\src\hotspot\share\runtime\javaCalls.cpp, line 388]
Event: 743.905 Thread 0x00000250011138f0 Exception <a 'java/net/SocketException'{0x0000000716600868}: Connection reset by peer: shutdown> (0x0000000716600868) 
thrown [s\open\src\hotspot\share\prims\jni.cpp, line 538]

VM Operations (20 events):
Event: 647.681 Executing VM operation: get/set locals done
Event: 647.687 Executing VM operation: get/set locals
Event: 647.687 Executing VM operation: get/set locals done
Event: 647.693 Executing VM operation: get/set locals
Event: 647.693 Executing VM operation: get/set locals done
Event: 647.700 Executing VM operation: get/set locals
Event: 647.700 Executing VM operation: get/set locals done
Event: 647.706 Executing VM operation: get/set locals
Event: 647.706 Executing VM operation: get/set locals done
Event: 734.019 Executing VM operation: get/set locals
Event: 734.019 Executing VM operation: get/set locals done
Event: 734.041 Executing VM operation: get/set locals
Event: 734.041 Executing VM operation: get/set locals done
Event: 734.049 Executing VM operation: get/set locals
Event: 734.050 Executing VM operation: get/set locals done
Event: 734.060 Executing VM operation: get/set locals
Event: 734.060 Executing VM operation: get/set locals done
Event: 734.068 Executing VM operation: get/set locals
Event: 734.068 Executing VM operation: get/set locals done
Event: 743.905 Executing VM operation: ChangeBreakpoints

Events (20 events):
Event: 7.647 Thread 0x000002500110d950 Thread added: 0x000002500110d950
Event: 7.648 Thread 0x0000025001110e70 Thread exited: 0x0000025001110e70
Event: 7.747 Thread 0x000002500110d950 Thread exited: 0x000002500110d950
Event: 7.748 Thread 0x0000025001113e40 Thread added: 0x0000025001113e40
Event: 7.748 Thread 0x000002500110fe80 Thread added: 0x000002500110fe80
Event: 7.756 Thread 0x0000025001113e40 Thread exited: 0x0000025001113e40
Event: 7.756 Thread 0x000002500110fe80 Thread exited: 0x000002500110fe80
Event: 7.757 Thread 0x0000025001113e40 Thread added: 0x0000025001113e40
Event: 7.757 Thread 0x0000025001114390 Thread added: 0x0000025001114390
Event: 7.787 Thread 0x0000025001113e40 Thread exited: 0x0000025001113e40
Event: 7.794 Thread 0x0000025001114390 Thread exited: 0x0000025001114390
Event: 10.421 Thread 0x000002507effd340 Thread exited: 0x000002507effd340
Event: 12.805 Thread 0x000002507eda9930 Thread exited: 0x000002507eda9930
Event: 17.814 Thread 0x000002507d912060 Thread exited: 0x000002507d912060
Event: 22.820 Thread 0x000002507d90ef20 Thread exited: 0x000002507d90ef20
Event: 28.214 Thread 0x0000025000dd0630 Thread added: 0x0000025000dd0630
Event: 29.447 Thread 0x0000025000dd0630 Thread exited: 0x0000025000dd0630
Event: 743.905 Thread 0x000002507d97ee00 Thread exited: 0x000002507d97ee00
Event: 743.905 Thread 0x000002507effd890 Thread exited: 0x000002507effd890
Event: 743.905 Thread 0x000002507ebf1ba0 Thread exited: 0x000002507ebf1ba0


Dynamic libraries:
0x00007ff7d3030000 - 0x00007ff7d303e000 	C:\Users\iwant\.jdks\openjdk-20\bin\java.exe
0x00007ffa042d0000 - 0x00007ffa044e4000 	C:\WINDOWS\SYSTEM32\ntdll.dll
0x00007ffa02970000 - 0x00007ffa02a32000 	C:\WINDOWS\System32\KERNEL32.DLL
0x00007ffa01c50000 - 0x00007ffa01ff3000 	C:\WINDOWS\System32\KERNELBASE.dll
0x00007ffa016d0000 - 0x00007ffa017e1000 	C:\WINDOWS\System32\ucrtbase.dll
0x00007ff9e1e40000 - 0x00007ff9e1e5b000 	C:\Users\iwant\.jdks\openjdk-20\bin\VCRUNTIME140.dll
0x00007ff9e1ec0000 - 0x00007ff9e1ed7000 	C:\Users\iwant\.jdks\openjdk-20\bin\jli.dll
0x00007ffa027b0000 - 0x00007ffa0295b000 	C:\WINDOWS\System32\USER32.dll
0x00007ff9f5900000 - 0x00007ff9f5b8e000 	C:\WINDOWS\WinSxS\amd64_microsoft.windows.common-controls_6595b64144ccf1df_6.0.22621.1635_none_270f70857386168e\COMCTL32.dll
0x00007ffa02080000 - 0x00007ffa020a6000 	C:\WINDOWS\System32\win32u.dll
0x00007ffa04080000 - 0x00007ffa040a9000 	C:\WINDOWS\System32\GDI32.dll
0x00007ffa03990000 - 0x00007ffa03a37000 	C:\WINDOWS\System32\msvcrt.dll
0x00007ffa017f0000 - 0x00007ffa01909000 	C:\WINDOWS\System32\gdi32full.dll
0x00007ffa01bb0000 - 0x00007ffa01c4a000 	C:\WINDOWS\System32\msvcp_win.dll
0x00007ffa038d0000 - 0x00007ffa03901000 	C:\WINDOWS\System32\IMM32.DLL
0x00007ff9e1fb0000 - 0x00007ff9e1fbc000 	C:\Users\iwant\.jdks\openjdk-20\bin\vcruntime140_1.dll
0x00007ff9daa90000 - 0x00007ff9dab1e000 	C:\Users\iwant\.jdks\openjdk-20\bin\msvcp140.dll
0x00007ff9aae60000 - 0x00007ff9abaf7000 	C:\Users\iwant\.jdks\openjdk-20\bin\server\jvm.dll
0x00007ffa02470000 - 0x00007ffa0251e000 	C:\WINDOWS\System32\ADVAPI32.dll
0x00007ffa04150000 - 0x00007ffa041f4000 	C:\WINDOWS\System32\sechost.dll
0x00007ffa03af0000 - 0x00007ffa03c07000 	C:\WINDOWS\System32\RPCRT4.dll
0x00007ff9f7600000 - 0x00007ff9f7634000 	C:\WINDOWS\SYSTEM32\WINMM.dll
0x00007ff9fa540000 - 0x00007ff9fa54a000 	C:\WINDOWS\SYSTEM32\VERSION.dll
0x00007ff9d32f0000 - 0x00007ff9d32f9000 	C:\WINDOWS\SYSTEM32\WSOCK32.dll
0x00007ffa03910000 - 0x00007ffa03981000 	C:\WINDOWS\System32\WS2_32.dll
0x00007ffa00690000 - 0x00007ffa006a8000 	C:\WINDOWS\SYSTEM32\kernel.appcore.dll
0x00007ff9e1e30000 - 0x00007ff9e1e3a000 	C:\Users\iwant\.jdks\openjdk-20\bin\jimage.dll
0x00007ff9f90b0000 - 0x00007ff9f92de000 	C:\WINDOWS\SYSTEM32\DBGHELP.DLL
0x00007ffa03c10000 - 0x00007ffa03f99000 	C:\WINDOWS\System32\combase.dll
0x00007ffa03fa0000 - 0x00007ffa04077000 	C:\WINDOWS\System32\OLEAUT32.dll
0x00007ff9e0390000 - 0x00007ff9e03c2000 	C:\WINDOWS\SYSTEM32\dbgcore.DLL
0x00007ffa02000000 - 0x00007ffa0207b000 	C:\WINDOWS\System32\bcryptPrimitives.dll
0x00007ff9e2020000 - 0x00007ff9e205c000 	C:\Users\iwant\.jdks\openjdk-20\bin\jdwp.dll
0x00007ff9e1f10000 - 0x00007ff9e1f1e000 	C:\Users\iwant\.jdks\openjdk-20\bin\instrument.dll
0x00007ff9e1dd0000 - 0x00007ff9e1df6000 	C:\Users\iwant\.jdks\openjdk-20\bin\java.dll
0x00007ff9e00b0000 - 0x00007ff9e00c8000 	C:\Users\iwant\.jdks\openjdk-20\bin\zip.dll
0x00007ff9d2d30000 - 0x00007ff9d2e07000 	C:\Users\iwant\.jdks\openjdk-20\bin\jsvml.dll
0x00007ffa03080000 - 0x00007ffa0387a000 	C:\WINDOWS\System32\SHELL32.dll
0x00007ff9ff680000 - 0x00007ff9fff4e000 	C:\WINDOWS\SYSTEM32\windows.storage.dll
0x00007ff9ff540000 - 0x00007ff9ff67e000 	C:\WINDOWS\SYSTEM32\wintypes.dll
0x00007ffa02270000 - 0x00007ffa02361000 	C:\WINDOWS\System32\SHCORE.dll
0x00007ffa02ff0000 - 0x00007ffa0304e000 	C:\WINDOWS\System32\shlwapi.dll
0x00007ffa01600000 - 0x00007ffa01621000 	C:\WINDOWS\SYSTEM32\profapi.dll
0x00007ff9e1ee0000 - 0x00007ff9e1eec000 	C:\Users\iwant\.jdks\openjdk-20\bin\dt_socket.dll
0x00007ffa001b0000 - 0x00007ffa001dd000 	C:\WINDOWS\SYSTEM32\IPHLPAPI.DLL
0x00007ffa00b40000 - 0x00007ffa00ba9000 	C:\WINDOWS\system32\mswsock.dll
0x00007ff9e1db0000 - 0x00007ff9e1dc3000 	C:\Users\iwant\.jdks\openjdk-20\bin\net.dll
0x00007ff9fbb90000 - 0x00007ff9fbcc7000 	C:\WINDOWS\SYSTEM32\WINHTTP.dll
0x00007ff9e1d90000 - 0x00007ff9e1da6000 	C:\Users\iwant\.jdks\openjdk-20\bin\nio.dll
0x00007ffa00220000 - 0x00007ffa00313000 	C:\WINDOWS\SYSTEM32\DNSAPI.dll
0x00007ffa02960000 - 0x00007ffa02969000 	C:\WINDOWS\System32\NSI.dll
0x00007ff9fa550000 - 0x00007ff9fa55a000 	C:\Windows\System32\rasadhlp.dll
0x00007ff9fb140000 - 0x00007ff9fb1c4000 	C:\WINDOWS\System32\fwpuclnt.dll
0x00007ff9e1f00000 - 0x00007ff9e1f0a000 	C:\Users\iwant\.jdks\openjdk-20\bin\management.dll
0x00007ff9e1ef0000 - 0x00007ff9e1efb000 	C:\Users\iwant\.jdks\openjdk-20\bin\management_ext.dll
0x00007ffa02520000 - 0x00007ffa02528000 	C:\WINDOWS\System32\PSAPI.DLL
0x00007ffa00e80000 - 0x00007ffa00e9b000 	C:\WINDOWS\SYSTEM32\CRYPTSP.dll
0x00007ffa00650000 - 0x00007ffa00685000 	C:\WINDOWS\system32\rsaenh.dll
0x00007ffa00c50000 - 0x00007ffa00c78000 	C:\WINDOWS\SYSTEM32\USERENV.dll
0x00007ffa01080000 - 0x00007ffa010a8000 	C:\WINDOWS\SYSTEM32\bcrypt.dll
0x00007ffa00db0000 - 0x00007ffa00dbc000 	C:\WINDOWS\SYSTEM32\CRYPTBASE.dll
0x00007ff9fba30000 - 0x00007ff9fba49000 	C:\WINDOWS\SYSTEM32\dhcpcsvc6.DLL
0x00007ff9fba10000 - 0x00007ff9fba2f000 	C:\WINDOWS\SYSTEM32\dhcpcsvc.DLL
0x00007ff9d1730000 - 0x00007ff9d1747000 	C:\WINDOWS\system32\napinsp.dll
0x00007ff9d15b0000 - 0x00007ff9d15cb000 	C:\WINDOWS\system32\pnrpnsp.dll
0x00007ff9d1590000 - 0x00007ff9d15a1000 	C:\WINDOWS\System32\winrnr.dll
0x00007ff9e53e0000 - 0x00007ff9e53f5000 	C:\WINDOWS\system32\wshbth.dll
0x00007ff9d1380000 - 0x00007ff9d13a1000 	C:\WINDOWS\system32\nlansp_c.dll
0x00007ff9e1e20000 - 0x00007ff9e1e27000 	C:\Users\iwant\.jdks\openjdk-20\bin\extnet.dll
0x00007ff9e00e0000 - 0x00007ff9e00f0000 	C:\Users\iwant\.jdks\openjdk-20\bin\verify.dll
0x00007ff9e0070000 - 0x00007ff9e007e000 	C:\Users\iwant\.jdks\openjdk-20\bin\sunmscapi.dll
0x00007ffa01a40000 - 0x00007ffa01ba7000 	C:\WINDOWS\System32\CRYPT32.dll
0x00007ffa01050000 - 0x00007ffa0107e000 	C:\WINDOWS\SYSTEM32\ncrypt.dll
0x00007ffa01010000 - 0x00007ffa01047000 	C:\WINDOWS\SYSTEM32\NTASN1.dll
0x00007ff9e6da0000 - 0x00007ff9e6da8000 	C:\WINDOWS\system32\wshunix.dll

dbghelp: loaded successfully - version: 4.0.5 - missing functions: none
symbol engine: initialized successfully - sym options: 0x614 - pdb path: .;C:\Users\iwant\.jdks\openjdk-20\bin;C:\WINDOWS\SYSTEM32;C:\WINDOWS\WinSxS\amd64_microsoft.windows.common-controls_6595b64144ccf1df_6.0.22621.1635_none_270f70857386168e;C:\Users\iwant\.jdks\openjdk-20\bin\server

VM Arguments:
jvm_args: -agentlib:jdwp=transport=dt_socket,address=127.0.0.1:53690,suspend=y,server=n -XX:TieredStopAtLevel=1 -Dspring.output.ansi.enabled=always -Dcom.sun.management.jmxremote -Dspring.jmx.enabled=true -Dspring.liveBeansView.mbeanDomain -Dspring.application.admin.enabled=true -Dmanagement.endpoints.jmx.exposure.include=* -javaagent:C:\Users\iwant\AppData\Local\JetBrains\IntelliJIdea2022.3\captureAgent\debugger-agent.jar -Dfile.encoding=UTF-8 -Dsun.stdout.encoding=UTF-8 -Dsun.stderr.encoding=UTF-8 
java_command: ua.vozniuk.socialnetwork.SocialNetworkApplication
java_class_path (initial): D:\Programming\IDEAProjects\social-network\target\classes;C:\Users\iwant\.m2\repository\jakarta\persistence\jakarta.persistence-api\3.1.0\jakarta.persistence-api-3.1.0.jar;C:\Users\iwant\.m2\repository\commons-beanutils\commons-beanutils\1.9.4\commons-beanutils-1.9.4.jar;C:\Users\iwant\.m2\repository\commons-logging\commons-logging\1.2\commons-logging-1.2.jar;C:\Users\iwant\.m2\repository\commons-collections\commons-collections\3.2.2\commons-collections-3.2.2.jar;C:\Users\iwant\.m2\repository\org\springframework\boot\spring-boot-starter-data-jpa\3.1.0\spring-boot-starter-data-jpa-3.1.0.jar;C:\Users\iwant\.m2\repository\org\springframework\boot\spring-boot-starter-aop\3.1.0\spring-boot-starter-aop-3.1.0.jar;C:\Users\iwant\.m2\repository\org\aspectj\aspectjweaver\1.9.19\aspectjweaver-1.9.19.jar;C:\Users\iwant\.m2\repository\org\springframework\boot\spring-boot-starter-jdbc\3.1.0\spring-boot-starter-jdbc-3.1.0.jar;C:\Users\iwant\.m2\repository\com\zaxxer\HikariCP\5.0.1\HikariCP-5.0.1.jar;C:\Users\iwant\.m2\repository\org\springframework\spring-jdbc\6.0.9\spring-jdbc-6.0.9.jar;C:\Users\iwant\.m2\repository\org\hibernate\orm\hibernate-core\6.2.2.Final\hibernate-core-6.2.2.Final.jar;C:\Users\iwant\.m2\repository\jakarta\transaction\jakarta.transaction-api\2.0.1\jakarta.transaction-api-2.0.1.jar;C:\Users\iwant\.m2\repository\org\jboss\logging\jboss-logging\3.5.0.Final\jboss-logging-3.5.0.Final.jar;C:\Users\iwant\.m2\repository\org\hibernate\common\hibernate-commons-annotations\6.0.6.Final\hibernate-commons-annotations-6.0.6.Final.jar;C:\Users\iwant\.m2\repository\io\smallrye\jandex\3.0.5\jandex-3.0.5.jar;C:\Users\iwant\.m2\repository\com\fasterxml\classmate\1.5.1\classmate-1.5.1.jar;C:\Users\iwant\.m2\repository\net\bytebuddy\byte-buddy\1.14.4\byte-buddy-1.14.4.jar;C:\Users\iwant\.m2\repository\org\glassfish\jaxb\jaxb-runtime\4.0.2\jaxb-runtime-4.0.2.jar;C:\Users\iwant\.m2\repository\org\glassfish\jaxb\jaxb-core\4.0.2\jaxb-core-4.0.2.jar;C:\Users\iwant\.m2\repository\org\eclipse\angus\angus-activation\2.0.0\angus-activation-2.0.0.jar;C:\Users\iwant\.m2\repository\org\glassfish\jaxb\txw2\4.0.2\txw2-4.0.2.jar;C:\Users\iwant\.m2\repository\com\sun\istack\istack-commons-runtime\4.1.1\istack-commons-runtime-4.1.1.jar;C:\Users\iwant\.m2\repository\jakarta\inject\jakarta.inject-api\2.0.1\jakarta.inject-api-2.0.1.jar;C:\Users\iwant\.m2\repository\org\antlr\antlr4-runtime\4.10.1\antlr4-runtime-4.10.1.jar;C:\Users\iwant\.m2\repository\org\springframework\data\spring-data-jpa\3.1.0\spring-data-jpa-3.1.0.jar;C:\Users\iwant\.m2\repository\org\springframework\data\spring-data-commons\3.1.0\spring-data-commons-3.1.0.jar;C:\Users\iwant\.m2\repository\org\springframework\spring-orm\6.0.9\spring-orm-6.0.9.jar;C:\Users\iwant\.m2\repository\org\springframework\spring-context\6.0.9\spring-context-6.0.9.jar;C:\Users\iwant\.m2\repository\org\springframework\spring-tx\6.0.9\spring-tx-6.0.9.jar;C:\Users\iwant\.m2\repository\org\springframework\spring-beans\6.0.9\spring-beans-6.0.9.jar;C:\Users\iwant\.m2\repository\jakarta\annotation\jakarta.annotation-api\2.1.1\jakarta.annotation-api-2.1.1.jar;C:\Users\iwant\.m2\repository\org\springframework\spring-aspects\6.0.9\spring-aspects-6.0.9.jar;C:\Users\iwant\.m2\repository\org\springframework\boot\spring-boot-starter-security\3.1.0\spring-boot-starter-security-3.1.0.jar;C:\Users\iwant\.m2\repository\org\springframework\boot\spring-boot-starter\3.1.0\spring-boot-starter-3.1.0.jar;C:\Users\iwant\.m2\repository\org\springframework\boot\spring-boot\3.1.0\spring-boot-3.1.0.jar;C:\Users\iwant\.m2\repository\org\springframework\boot\spring-boot-autoconfigure\3.1.0\spring-boot-autoconfigure-3.1.0.jar;C:\Users\iwant\.m2\repository\org\springframework\boot\spring-boot-starter-logging\3.1.0\spring-boot-starter-logging-3.1.0.jar;C:\Users\iwant\.m2\repository\ch\qos\logback\logback-classic\1.4.7\logback-classic-1.4.7.jar;C:\Users\iwant\.m2\repository\ch\qos\logback\logback-core\1.4.7\logback-core-1.4.7.jar;C:\Users\iwant\.m2\repository\org\apache\logging\log4j\log4j-to-slf4j\2.20.0\log4j-to-slf4j-2.20.0.jar;C:\Users\iwant\.m2\repository\org\apache\logging\log4j\log4j-api\2.20.0\log4j-api-2.20.0.jar;C:\Users\iwant\.m2\repository\org\slf4j\jul-to-slf4j\2.0.7\jul-to-slf4j-2.0.7.jar;C:\Users\iwant\.m2\repository\org\yaml\snakeyaml\1.33\snakeyaml-1.33.jar;C:\Users\iwant\.m2\repository\org\springframework\spring-aop\6.0.9\spring-aop-6.0.9.jar;C:\Users\iwant\.m2\repository\org\springframework\security\spring-security-config\6.1.0\spring-security-config-6.1.0.jar;C:\Users\iwant\.m2\repository\org\springframework\security\spring-security-web\6.1.0\spring-security-web-6.1.0.jar;C:\Users\iwant\.m2\repository\org\springframework\spring-expression\6.0.9\spring-expression-6.0.9.jar;C:\Users\iwant\.m2\repository\org\springframework\boot\spring-boot-starter-thymeleaf\3.1.0\spring-boot-starter-thymeleaf-3.1.0.jar;C:\Users\iwant\.m2\repository\org\thymeleaf\thymeleaf-spring6\3.1.1.RELEASE\thymeleaf-spring6-3.1.1.RELEASE.jar;C:\Users\iwant\.m2\repository\org\thymeleaf\thymeleaf\3.1.1.RELEASE\thymeleaf-3.1.1.RELEASE.jar;C:\Users\iwant\.m2\repository\org\attoparser\attoparser\2.0.6.RELEASE\attoparser-2.0.6.RELEASE.jar;C:\Users\iwant\.m2\repository\org\unbescape\unbescape\1.1.6.RELEASE\unbescape-1.1.6.RELEASE.jar;C:\Users\iwant\.m2\repository\org\springframework\boot\spring-boot-starter-validation\3.1.0\spring-boot-starter-validation-3.1.0.jar;C:\Users\iwant\.m2\repository\org\apache\tomcat\embed\tomcat-embed-el\10.1.8\tomcat-embed-el-10.1.8.jar;C:\Users\iwant\.m2\repository\org\hibernate\validator\hibernate-validator\8.0.0.Final\hibernate-validator-8.0.0.Final.jar;C:\Users\iwant\.m2\repository\jakarta\validation\jakarta.validation-api\3.0.2\jakarta.validation-api-3.0.2.jar;C:\Users\iwant\.m2\repository\org\springframework\boot\spring-boot-starter-web\3.1.0\spring-boot-starter-web-3.1.0.jar;C:\Users\iwant\.m2\repository\org\springframework\boot\spring-boot-starter-json\3.1.0\spring-boot-starter-json-3.1.0.jar;C:\Users\iwant\.m2\repository\com\fasterxml\jackson\core\jackson-databind\2.15.0\jackson-databind-2.15.0.jar;C:\Users\iwant\.m2\repository\com\fasterxml\jackson\core\jackson-annotations\2.15.0\jackson-annotations-2.15.0.jar;C:\Users\iwant\.m2\repository\com\fasterxml\jackson\core\jackson-core\2.15.0\jackson-core-2.15.0.jar;C:\Users\iwant\.m2\repository\com\fasterxml\jackson\datatype\jackson-datatype-jdk8\2.15.0\jackson-datatype-jdk8-2.15.0.jar;C:\Users\iwant\.m2\repository\com\fasterxml\jackson\datatype\jackson-datatype-jsr310\2.15.0\jackson-datatype-jsr310-2.15.0.jar;C:\Users\iwant\.m2\repository\com\fasterxml\jackson\module\jackson-module-parameter-names\2.15.0\jackson-module-parameter-names-2.15.0.jar;C:\Users\iwant\.m2\repository\org\springframework\boot\spring-boot-starter-tomcat\3.1.0\spring-boot-starter-tomcat-3.1.0.jar;C:\Users\iwant\.m2\repository\org\apache\tomcat\embed\tomcat-embed-core\10.1.8\tomcat-embed-core-10.1.8.jar;C:\Users\iwant\.m2\repository\org\apache\tomcat\embed\tomcat-embed-websocket\10.1.8\tomcat-embed-websocket-10.1.8.jar;C:\Users\iwant\.m2\repository\org\springframework\spring-web\6.0.9\spring-web-6.0.9.jar;C:\Users\iwant\.m2\repository\org\springframework\spring-webmvc\6.0.9\spring-webmvc-6.0.9.jar;C:\Users\iwant\.m2\repository\org\springframework\session\spring-session-core\3.1.0\spring-session-core-3.1.0.jar;C:\Users\iwant\.m2\repository\org\springframework\spring-jcl\6.0.9\spring-jcl-6.0.9.jar;C:\Users\iwant\.m2\repository\org\thymeleaf\extras\thymeleaf-extras-springsecurity6\3.1.1.RELEASE\thymeleaf-extras-springsecurity6-3.1.1.RELEASE.jar;C:\Users\iwant\.m2\repository\org\slf4j\slf4j-api\2.0.7\slf4j-api-2.0.7.jar;C:\Users\iwant\.m2\repository\org\postgresql\postgresql\42.6.0\postgresql-42.6.0.jar;C:\Users\iwant\.m2\repository\org\checkerframework\checker-qual\3.31.0\checker-qual-3.31.0.jar;C:\Users\iwant\.m2\repository\jakarta\xml\bind\jakarta.xml.bind-api\4.0.0\jakarta.xml.bind-api-4.0.0.jar;C:\Users\iwant\.m2\repository\jakarta\activation\jakarta.activation-api\2.1.2\jakarta.activation-api-2.1.2.jar;C:\Users\iwant\.m2\repository\org\springframework\spring-core\6.0.9\spring-core-6.0.9.jar;C:\Users\iwant\.m2\repository\org\springframework\security\spring-security-core\6.1.0\spring-security-core-6.1.0.jar;C:\Users\iwant\.m2\repository\org\springframework\security\spring-security-crypto\6.1.0\spring-security-crypto-6.1.0.jar;C:\Users\iwant\.m2\repository\org\springframework\boot\spring-boot-starter-actuator\3.1.0\spring-boot-starter-actuator-3.1.0.jar;C:\Users\iwant\.m2\repository\org\springframework\boot\spring-boot-actuator-autoconfigure\3.1.0\spring-boot-actuator-autoconfigure-3.1.0.jar;C:\Users\iwant\.m2\repository\org\springframework\boot\spring-boot-actuator\3.1.0\spring-boot-actuator-3.1.0.jar;C:\Users\iwant\.m2\repository\io\micrometer\micrometer-observation\1.11.0\micrometer-observation-1.11.0.jar;C:\Users\iwant\.m2\repository\io\micrometer\micrometer-commons\1.11.0\micrometer-commons-1.11.0.jar;C:\Users\iwant\.m2\repository\io\micrometer\micrometer-core\1.11.0\micrometer-core-1.11.0.jar;C:\Users\iwant\.m2\repository\org\hdrhistogram\HdrHistogram\2.1.12\HdrHistogram-2.1.12.jar;C:\Users\iwant\.m2\repository\org\latencyutils\LatencyUtils\2.0.3\LatencyUtils-2.0.3.jar;C:\Program Files\JetBrains\IntelliJ IDEA 2022.3.3\lib\idea_rt.jar
Launcher Type: SUN_STANDARD

[Global flags]
     intx CICompilerCount                          = 4                                         {product} {ergonomic}
     uint ConcGCThreads                            = 3                                         {product} {ergonomic}
     uint G1ConcRefinementThreads                  = 10                                        {product} {ergonomic}
   size_t G1HeapRegionSize                         = 2097152                                   {product} {ergonomic}
    uintx GCDrainStackTargetSize                   = 64                                        {product} {ergonomic}
   size_t InitialHeapSize                          = 257949696                                 {product} {ergonomic}
     bool ManagementServer                         = true                                      {product} {command line}
   size_t MarkStackSize                            = 4194304                                   {product} {ergonomic}
   size_t MaxHeapSize                              = 4114612224                                {product} {ergonomic}
   size_t MaxNewSize                               = 2468347904                                {product} {ergonomic}
   size_t MinHeapDeltaBytes                        = 2097152                                   {product} {ergonomic}
   size_t MinHeapSize                              = 8388608                                   {product} {ergonomic}
    uintx NonProfiledCodeHeapSize                  = 0                                      {pd product} {ergonomic}
     bool ProfileInterpreter                       = false                                  {pd product} {command line}
    uintx ProfiledCodeHeapSize                     = 0                                      {pd product} {ergonomic}
   size_t SoftMaxHeapSize                          = 4114612224                             {manageable} {ergonomic}
     intx TieredStopAtLevel                        = 1                                         {product} {command line}
     bool UseCompressedClassPointers               = true                           {product lp64_product} {ergonomic}
     bool UseCompressedOops                        = true                           {product lp64_product} {ergonomic}
     bool UseG1GC                                  = true                                      {product} {ergonomic}
     bool UseLargePagesIndividualAllocation        = false                                  {pd product} {ergonomic}

Logging:
Log output configuration:
 #0: stdout all=warning uptime,level,tags foldmultilines=false
 #1: stderr all=off uptime,level,tags foldmultilines=false

Environment Variables:
JAVA_HOME=D:\devtools\jdk-17.0.5
PATH=C:\Program Files (x86)\Common Files\Oracle\Java\javapath;C:\Program Files\BellSoft\LibericaJDK-8-Full\bin\;C:\Program Files (x86)\Razer Chroma SDK\bin;C:\Program Files\Razer Chroma SDK\bin;C:\Program Files (x86)\Razer\ChromaBroadcast\bin;C:\Program Files\Razer\ChromaBroadcast\bin;C:\WINDOWS\system32;C:\WINDOWS;C:\WINDOWS\System32\Wbem;C:\WINDOWS\System32\WindowsPowerShell\v1.0\;C:\WINDOWS\System32\OpenSSH\;C:\Program Files\NVIDIA Corporation\NVIDIA NvDLISR;C:\WINDOWS\system32\config\systemprofile\AppData\Local\Microsoft\WindowsApps;C:\Users\iwant\AppData\Local\Microsoft\WindowsApps;C:\Program Files (x86)\NVIDIA Corporation\PhysX\Common;C:\WINDOWS\system32;C:\WINDOWS;C:\WINDOWS\System32\Wbem;C:\WINDOWS\System32\WindowsPowerShell\v1.0\;C:\WINDOWS\System32\OpenSSH\;C:\Strawberry\c\bin;C:\Strawberry\perl\site\bin;C:\Strawberry\perl\bin;C:\Program Files\Git\cmd;C:\Program Files (x86)\Microsoft SQL Server\160\Tools\Binn\;C:\Program Files\Microsoft SQL Server\160\Tools\Binn\;C:\Program Files\Microsoft SQL Server\Client SDK\ODBC\170\Tools\Binn\;C:\Program Files\Microsoft SQL Server\160\DTS\Binn\;C:\Program Files\PostgreSQL\15\bin;D:\devtools\ffmpeg\bin;;C:\Program Files\Docker\Docker\resources\bin;C:\Program Files\MySQL\MySQL Shell 8.0\bin\;C:\Users\iwant\AppData\Local\Programs\Python\Python310\Scripts\;C:\Users\iwant\AppData\Local\Programs\Python\Python310\;C:\Users\iwant\AppData\Local\Microsoft\WindowsApps;C:\Users\iwant\AppData\Local\Programs\Microsoft VS Code\bin;C:\Users\iwant\AppData\Local\Programs\MiKTeX\miktex\bin\x64\;D:\devtools\apache-maven-3.9.0\bin;C:\Program Files\JetBrains\IntelliJ IDEA 2022.3.3\bin;;C:\Users\iwant\AppData\Local\GitHubDesktop\bin;D:\devtools\ffmpeg\bin;
USERNAME=iwant
OS=Windows_NT
PROCESSOR_IDENTIFIER=AMD64 Family 23 Model 96 Stepping 1, AuthenticAMD
TMP=C:\Users\iwant\AppData\Local\Temp
TEMP=C:\Users\iwant\AppData\Local\Temp




---------------  S Y S T E M  ---------------

OS:
 Windows 11 , 64 bit Build 22621 (10.0.22621.1778)
OS uptime: 0 days 1:26 hours
Hyper-V role detected

CPU: total 12 (initial active 12) (12 cores per cpu, 2 threads per core) family 23 model 96 stepping 1 microcode 0x0, cx8, cmov, fxsr, ht, mmx, 3dnowpref, sse, sse2, sse3, ssse3, sse4a, sse4.1, sse4.2, popcnt, lzcnt, tsc, tscinvbit, avx, avx2, aes, clmul, bmi1, bmi2, adx, sha, fma, vzeroupper, clflush, clflushopt, hv, rdtscp, rdpid, f16c

Memory: 4k page, system-wide physical 15694M (5244M free)
TotalPageFile size 50510M (AvailPageFile size 29309M)
current process WorkingSet (physical memory assigned to process): 277M, peak: 280M
current process commit charge ("private bytes"): 325M, peak: 374M

vm_info: OpenJDK 64-Bit Server VM (20+36-2344) for windows-amd64 JRE (20+36-2344), built on 2023-02-10T19:30:15Z by "mach5one" with MS VC++ 17.1 (VS2022)

END.
